{"C:\\Users\\Chandra Muhammad R P\\Desktop\\KP Chandra\\Website\\BE-ProjectPosyanduKP\\src\\app\\database.ts": {"path":"C:\\Users\\Chandra Muhammad R P\\Desktop\\KP Chandra\\Website\\BE-ProjectPosyanduKP\\src\\app\\database.ts","statementMap":{"0":{"start":{"line":4,"column":28},"end":{"line":23,"column":2}},"1":{"start":{"line":25,"column":0},"end":{"line":27,"column":3}},"2":{"start":{"line":26,"column":1},"end":{"line":26,"column":17}},"3":{"start":{"line":29,"column":0},"end":{"line":31,"column":3}},"4":{"start":{"line":30,"column":1},"end":{"line":30,"column":16}},"5":{"start":{"line":33,"column":0},"end":{"line":35,"column":3}},"6":{"start":{"line":34,"column":1},"end":{"line":34,"column":16}},"7":{"start":{"line":37,"column":0},"end":{"line":39,"column":3}},"8":{"start":{"line":38,"column":1},"end":{"line":38,"column":16}}},"fnMap":{"0":{"name":"(anonymous_0)","decl":{"start":{"line":25,"column":26},"end":{"line":25,"column":27}},"loc":{"start":{"line":25,"column":33},"end":{"line":27,"column":1}},"line":25},"1":{"name":"(anonymous_1)","decl":{"start":{"line":29,"column":25},"end":{"line":29,"column":26}},"loc":{"start":{"line":29,"column":32},"end":{"line":31,"column":1}},"line":29},"2":{"name":"(anonymous_2)","decl":{"start":{"line":33,"column":25},"end":{"line":33,"column":26}},"loc":{"start":{"line":33,"column":32},"end":{"line":35,"column":1}},"line":33},"3":{"name":"(anonymous_3)","decl":{"start":{"line":37,"column":26},"end":{"line":37,"column":27}},"loc":{"start":{"line":37,"column":33},"end":{"line":39,"column":1}},"line":37}},"branchMap":{},"s":{"0":1,"1":1,"2":0,"3":1,"4":0,"5":1,"6":1,"7":1,"8":11},"f":{"0":0,"1":0,"2":1,"3":11},"b":{},"_coverageSchema":"1a1c01bbd47fc00a2c39e90264f33305004495a9","hash":"e97ce419371bf8c2e52c0e44a7c9bdf2120d5a03"}
,"C:\\Users\\Chandra Muhammad R P\\Desktop\\KP Chandra\\Website\\BE-ProjectPosyanduKP\\src\\app\\logging.ts": {"path":"C:\\Users\\Chandra Muhammad R P\\Desktop\\KP Chandra\\Website\\BE-ProjectPosyanduKP\\src\\app\\logging.ts","statementMap":{"0":{"start":{"line":3,"column":22},"end":{"line":7,"column":2}}},"fnMap":{},"branchMap":{},"s":{"0":1},"f":{},"b":{},"_coverageSchema":"1a1c01bbd47fc00a2c39e90264f33305004495a9","hash":"a0eef00e834d026175eddba9c96a8740162012e0"}
,"C:\\Users\\Chandra Muhammad R P\\Desktop\\KP Chandra\\Website\\BE-ProjectPosyanduKP\\src\\application\\app.ts": {"path":"C:\\Users\\Chandra Muhammad R P\\Desktop\\KP Chandra\\Website\\BE-ProjectPosyanduKP\\src\\application\\app.ts","statementMap":{"0":{"start":{"line":6,"column":19},"end":{"line":6,"column":28}},"1":{"start":{"line":8,"column":0},"end":{"line":8,"column":24}},"2":{"start":{"line":9,"column":0},"end":{"line":9,"column":22}},"3":{"start":{"line":10,"column":0},"end":{"line":10,"column":19}},"4":{"start":{"line":11,"column":0},"end":{"line":11,"column":25}}},"fnMap":{},"branchMap":{},"s":{"0":1,"1":1,"2":1,"3":1,"4":1},"f":{},"b":{},"_coverageSchema":"1a1c01bbd47fc00a2c39e90264f33305004495a9","hash":"0e6b26f3ec042796507e4fc35aa8392fe18c8a9d"}
,"C:\\Users\\Chandra Muhammad R P\\Desktop\\KP Chandra\\Website\\BE-ProjectPosyanduKP\\src\\controller\\balita-controller.ts": {"path":"C:\\Users\\Chandra Muhammad R P\\Desktop\\KP Chandra\\Website\\BE-ProjectPosyanduKP\\src\\controller\\balita-controller.ts","statementMap":{"0":{"start":{"line":10,"column":2},"end":{"line":21,"column":3}},"1":{"start":{"line":12,"column":4},"end":{"line":12,"column":35}},"2":{"start":{"line":13,"column":20},"end":{"line":13,"column":57}},"3":{"start":{"line":15,"column":3},"end":{"line":15,"column":58}},"4":{"start":{"line":16,"column":3},"end":{"line":18,"column":6}},"5":{"start":{"line":20,"column":3},"end":{"line":20,"column":11}},"6":{"start":{"line":25,"column":2},"end":{"line":35,"column":3}},"7":{"start":{"line":26,"column":20},"end":{"line":26,"column":47}},"8":{"start":{"line":27,"column":20},"end":{"line":27,"column":66}},"9":{"start":{"line":29,"column":3},"end":{"line":29,"column":58}},"10":{"start":{"line":30,"column":3},"end":{"line":32,"column":6}},"11":{"start":{"line":34,"column":3},"end":{"line":34,"column":11}}},"fnMap":{"0":{"name":"(anonymous_0)","decl":{"start":{"line":9,"column":1},"end":{"line":9,"column":2}},"loc":{"start":{"line":9,"column":72},"end":{"line":22,"column":2}},"line":9},"1":{"name":"(anonymous_1)","decl":{"start":{"line":24,"column":1},"end":{"line":24,"column":2}},"loc":{"start":{"line":24,"column":73},"end":{"line":36,"column":2}},"line":24}},"branchMap":{},"s":{"0":1,"1":1,"2":1,"3":1,"4":1,"5":0,"6":0,"7":0,"8":0,"9":0,"10":0,"11":0},"f":{"0":1,"1":0},"b":{},"_coverageSchema":"1a1c01bbd47fc00a2c39e90264f33305004495a9","hash":"9ab40d60cd46ee6bd62611724c1104bb6d9a6659"}
,"C:\\Users\\Chandra Muhammad R P\\Desktop\\KP Chandra\\Website\\BE-ProjectPosyanduKP\\src\\controller\\user-controller.ts": {"path":"C:\\Users\\Chandra Muhammad R P\\Desktop\\KP Chandra\\Website\\BE-ProjectPosyanduKP\\src\\controller\\user-controller.ts","statementMap":{"0":{"start":{"line":12,"column":2},"end":{"line":20,"column":3}},"1":{"start":{"line":13,"column":38},"end":{"line":13,"column":67}},"2":{"start":{"line":14,"column":20},"end":{"line":14,"column":55}},"3":{"start":{"line":15,"column":3},"end":{"line":17,"column":6}},"4":{"start":{"line":19,"column":3},"end":{"line":19,"column":11}},"5":{"start":{"line":24,"column":2},"end":{"line":32,"column":3}},"6":{"start":{"line":25,"column":37},"end":{"line":25,"column":65}},"7":{"start":{"line":26,"column":20},"end":{"line":26,"column":52}},"8":{"start":{"line":27,"column":3},"end":{"line":29,"column":6}},"9":{"start":{"line":31,"column":3},"end":{"line":31,"column":11}},"10":{"start":{"line":36,"column":2},"end":{"line":43,"column":3}},"11":{"start":{"line":37,"column":20},"end":{"line":37,"column":52}},"12":{"start":{"line":38,"column":3},"end":{"line":40,"column":6}},"13":{"start":{"line":42,"column":3},"end":{"line":42,"column":11}},"14":{"start":{"line":47,"column":2},"end":{"line":55,"column":3}},"15":{"start":{"line":48,"column":38},"end":{"line":48,"column":67}},"16":{"start":{"line":49,"column":20},"end":{"line":49,"column":64}},"17":{"start":{"line":50,"column":3},"end":{"line":52,"column":6}},"18":{"start":{"line":54,"column":3},"end":{"line":54,"column":11}},"19":{"start":{"line":59,"column":2},"end":{"line":66,"column":3}},"20":{"start":{"line":60,"column":3},"end":{"line":60,"column":39}},"21":{"start":{"line":61,"column":3},"end":{"line":63,"column":6}},"22":{"start":{"line":65,"column":3},"end":{"line":65,"column":11}}},"fnMap":{"0":{"name":"(anonymous_0)","decl":{"start":{"line":11,"column":1},"end":{"line":11,"column":2}},"loc":{"start":{"line":11,"column":72},"end":{"line":21,"column":2}},"line":11},"1":{"name":"(anonymous_1)","decl":{"start":{"line":23,"column":1},"end":{"line":23,"column":2}},"loc":{"start":{"line":23,"column":69},"end":{"line":33,"column":2}},"line":23},"2":{"name":"(anonymous_2)","decl":{"start":{"line":35,"column":1},"end":{"line":35,"column":2}},"loc":{"start":{"line":35,"column":71},"end":{"line":44,"column":2}},"line":35},"3":{"name":"(anonymous_3)","decl":{"start":{"line":46,"column":1},"end":{"line":46,"column":2}},"loc":{"start":{"line":46,"column":74},"end":{"line":56,"column":2}},"line":46},"4":{"name":"(anonymous_4)","decl":{"start":{"line":58,"column":1},"end":{"line":58,"column":2}},"loc":{"start":{"line":58,"column":74},"end":{"line":67,"column":2}},"line":58}},"branchMap":{},"s":{"0":0,"1":0,"2":0,"3":0,"4":0,"5":0,"6":0,"7":0,"8":0,"9":0,"10":0,"11":0,"12":0,"13":0,"14":0,"15":0,"16":0,"17":0,"18":0,"19":0,"20":0,"21":0,"22":0},"f":{"0":0,"1":0,"2":0,"3":0,"4":0},"b":{},"_coverageSchema":"1a1c01bbd47fc00a2c39e90264f33305004495a9","hash":"ed0fda2be64455892c10c3ff96f5703a01b2e9b3"}
,"C:\\Users\\Chandra Muhammad R P\\Desktop\\KP Chandra\\Website\\BE-ProjectPosyanduKP\\src\\error\\response-error.ts": {"path":"C:\\Users\\Chandra Muhammad R P\\Desktop\\KP Chandra\\Website\\BE-ProjectPosyanduKP\\src\\error\\response-error.ts","statementMap":{"0":{"start":{"line":6,"column":2},"end":{"line":6,"column":17}}},"fnMap":{"0":{"name":"(anonymous_0)","decl":{"start":{"line":2,"column":1},"end":{"line":2,"column":2}},"loc":{"start":{"line":5,"column":3},"end":{"line":7,"column":2}},"line":5}},"branchMap":{},"s":{"0":0},"f":{"0":0},"b":{},"_coverageSchema":"1a1c01bbd47fc00a2c39e90264f33305004495a9","hash":"6b24f8157ab03fe67214259fb767e276c95f51ce"}
,"C:\\Users\\Chandra Muhammad R P\\Desktop\\KP Chandra\\Website\\BE-ProjectPosyanduKP\\src\\middleware\\auth-middleware.ts": {"path":"C:\\Users\\Chandra Muhammad R P\\Desktop\\KP Chandra\\Website\\BE-ProjectPosyanduKP\\src\\middleware\\auth-middleware.ts","statementMap":{"0":{"start":{"line":5,"column":30},"end":{"line":31,"column":1}},"1":{"start":{"line":10,"column":15},"end":{"line":10,"column":37}},"2":{"start":{"line":12,"column":1},"end":{"line":24,"column":2}},"3":{"start":{"line":13,"column":15},"end":{"line":17,"column":4}},"4":{"start":{"line":19,"column":2},"end":{"line":23,"column":3}},"5":{"start":{"line":20,"column":3},"end":{"line":20,"column":19}},"6":{"start":{"line":21,"column":3},"end":{"line":21,"column":10}},"7":{"start":{"line":22,"column":3},"end":{"line":22,"column":10}},"8":{"start":{"line":26,"column":1},"end":{"line":30,"column":9}}},"fnMap":{"0":{"name":"(anonymous_0)","decl":{"start":{"line":5,"column":30},"end":{"line":5,"column":31}},"loc":{"start":{"line":9,"column":5},"end":{"line":31,"column":1}},"line":9}},"branchMap":{"0":{"loc":{"start":{"line":12,"column":1},"end":{"line":24,"column":2}},"type":"if","locations":[{"start":{"line":12,"column":1},"end":{"line":24,"column":2}},{"start":{},"end":{}}],"line":12},"1":{"loc":{"start":{"line":19,"column":2},"end":{"line":23,"column":3}},"type":"if","locations":[{"start":{"line":19,"column":2},"end":{"line":23,"column":3}},{"start":{},"end":{}}],"line":19}},"s":{"0":1,"1":2,"2":2,"3":2,"4":2,"5":1,"6":1,"7":1,"8":1},"f":{"0":2},"b":{"0":[2,0],"1":[1,1]},"_coverageSchema":"1a1c01bbd47fc00a2c39e90264f33305004495a9","hash":"16aba36a32dffcbe99503bb477bec23b086f46d9"}
,"C:\\Users\\Chandra Muhammad R P\\Desktop\\KP Chandra\\Website\\BE-ProjectPosyanduKP\\src\\middleware\\error-middleware.ts": {"path":"C:\\Users\\Chandra Muhammad R P\\Desktop\\KP Chandra\\Website\\BE-ProjectPosyanduKP\\src\\middleware\\error-middleware.ts","statementMap":{"0":{"start":{"line":5,"column":31},"end":{"line":24,"column":1}},"1":{"start":{"line":11,"column":1},"end":{"line":23,"column":2}},"2":{"start":{"line":12,"column":2},"end":{"line":14,"column":5}},"3":{"start":{"line":15,"column":8},"end":{"line":23,"column":2}},"4":{"start":{"line":16,"column":2},"end":{"line":18,"column":5}},"5":{"start":{"line":20,"column":2},"end":{"line":22,"column":5}}},"fnMap":{"0":{"name":"(anonymous_0)","decl":{"start":{"line":5,"column":31},"end":{"line":5,"column":32}},"loc":{"start":{"line":10,"column":5},"end":{"line":24,"column":1}},"line":10}},"branchMap":{"0":{"loc":{"start":{"line":11,"column":1},"end":{"line":23,"column":2}},"type":"if","locations":[{"start":{"line":11,"column":1},"end":{"line":23,"column":2}},{"start":{"line":15,"column":8},"end":{"line":23,"column":2}}],"line":11},"1":{"loc":{"start":{"line":15,"column":8},"end":{"line":23,"column":2}},"type":"if","locations":[{"start":{"line":15,"column":8},"end":{"line":23,"column":2}},{"start":{"line":19,"column":8},"end":{"line":23,"column":2}}],"line":15}},"s":{"0":1,"1":0,"2":0,"3":0,"4":0,"5":0},"f":{"0":0},"b":{"0":[0,0],"1":[0,0]},"_coverageSchema":"1a1c01bbd47fc00a2c39e90264f33305004495a9","hash":"00952bf069178e6cb21f9572949fe10455adb82a"}
,"C:\\Users\\Chandra Muhammad R P\\Desktop\\KP Chandra\\Website\\BE-ProjectPosyanduKP\\src\\models\\balita-model.ts": {"path":"C:\\Users\\Chandra Muhammad R P\\Desktop\\KP Chandra\\Website\\BE-ProjectPosyanduKP\\src\\models\\balita-model.ts","statementMap":{"0":{"start":{"line":22,"column":1},"end":{"line":30,"column":3}}},"fnMap":{"0":{"name":"toBalitaResponse","decl":{"start":{"line":21,"column":16},"end":{"line":21,"column":32}},"loc":{"start":{"line":21,"column":65},"end":{"line":31,"column":1}},"line":21}},"branchMap":{},"s":{"0":1},"f":{"0":1},"b":{},"_coverageSchema":"1a1c01bbd47fc00a2c39e90264f33305004495a9","hash":"e001d5df9b98ce99e11554f3b63d2972063d507a"}
,"C:\\Users\\Chandra Muhammad R P\\Desktop\\KP Chandra\\Website\\BE-ProjectPosyanduKP\\src\\models\\user-model.ts": {"path":"C:\\Users\\Chandra Muhammad R P\\Desktop\\KP Chandra\\Website\\BE-ProjectPosyanduKP\\src\\models\\user-model.ts","statementMap":{"0":{"start":{"line":33,"column":1},"end":{"line":39,"column":3}}},"fnMap":{"0":{"name":"toUserResponse","decl":{"start":{"line":32,"column":16},"end":{"line":32,"column":30}},"loc":{"start":{"line":32,"column":57},"end":{"line":40,"column":1}},"line":32}},"branchMap":{},"s":{"0":0},"f":{"0":0},"b":{},"_coverageSchema":"1a1c01bbd47fc00a2c39e90264f33305004495a9","hash":"b046dc7ae0565542df5049278a7470f7c67c974f"}
,"C:\\Users\\Chandra Muhammad R P\\Desktop\\KP Chandra\\Website\\BE-ProjectPosyanduKP\\src\\route\\api.ts": {"path":"C:\\Users\\Chandra Muhammad R P\\Desktop\\KP Chandra\\Website\\BE-ProjectPosyanduKP\\src\\route\\api.ts","statementMap":{"0":{"start":{"line":5,"column":25},"end":{"line":5,"column":41}},"1":{"start":{"line":7,"column":0},"end":{"line":7,"column":30}},"2":{"start":{"line":10,"column":0},"end":{"line":10,"column":56}},"3":{"start":{"line":11,"column":0},"end":{"line":11,"column":61}},"4":{"start":{"line":12,"column":0},"end":{"line":12,"column":62}},"5":{"start":{"line":15,"column":0},"end":{"line":15,"column":57}},"6":{"start":{"line":16,"column":0},"end":{"line":16,"column":67}}},"fnMap":{},"branchMap":{},"s":{"0":1,"1":1,"2":1,"3":1,"4":1,"5":1,"6":1},"f":{},"b":{},"_coverageSchema":"1a1c01bbd47fc00a2c39e90264f33305004495a9","hash":"f98ab143b220e75e758ce31db4707c19a16f5a9e"}
,"C:\\Users\\Chandra Muhammad R P\\Desktop\\KP Chandra\\Website\\BE-ProjectPosyanduKP\\src\\route\\public-api.ts": {"path":"C:\\Users\\Chandra Muhammad R P\\Desktop\\KP Chandra\\Website\\BE-ProjectPosyanduKP\\src\\route\\public-api.ts","statementMap":{"0":{"start":{"line":4,"column":28},"end":{"line":4,"column":44}},"1":{"start":{"line":5,"column":0},"end":{"line":5,"column":57}},"2":{"start":{"line":6,"column":0},"end":{"line":6,"column":60}}},"fnMap":{},"branchMap":{},"s":{"0":1,"1":1,"2":1},"f":{},"b":{},"_coverageSchema":"1a1c01bbd47fc00a2c39e90264f33305004495a9","hash":"4071713e427aa8d41f8e238019340e090b57739e"}
,"C:\\Users\\Chandra Muhammad R P\\Desktop\\KP Chandra\\Website\\BE-ProjectPosyanduKP\\src\\services\\balita-service.ts": {"path":"C:\\Users\\Chandra Muhammad R P\\Desktop\\KP Chandra\\Website\\BE-ProjectPosyanduKP\\src\\services\\balita-service.ts","statementMap":{"0":{"start":{"line":16,"column":25},"end":{"line":19,"column":3}},"1":{"start":{"line":21,"column":17},"end":{"line":23,"column":4}},"2":{"start":{"line":25,"column":2},"end":{"line":25,"column":34}},"3":{"start":{"line":29,"column":17},"end":{"line":33,"column":4}},"4":{"start":{"line":35,"column":2},"end":{"line":37,"column":3}},"5":{"start":{"line":36,"column":3},"end":{"line":36,"column":52}},"6":{"start":{"line":39,"column":2},"end":{"line":39,"column":16}},"7":{"start":{"line":43,"column":21},"end":{"line":48,"column":4}},"8":{"start":{"line":50,"column":2},"end":{"line":52,"column":3}},"9":{"start":{"line":51,"column":3},"end":{"line":51,"column":52}},"10":{"start":{"line":54,"column":2},"end":{"line":54,"column":38}}},"fnMap":{"0":{"name":"(anonymous_0)","decl":{"start":{"line":13,"column":1},"end":{"line":13,"column":2}},"loc":{"start":{"line":15,"column":28},"end":{"line":26,"column":2}},"line":15},"1":{"name":"(anonymous_1)","decl":{"start":{"line":28,"column":1},"end":{"line":28,"column":2}},"loc":{"start":{"line":28,"column":64},"end":{"line":40,"column":2}},"line":28},"2":{"name":"(anonymous_2)","decl":{"start":{"line":42,"column":1},"end":{"line":42,"column":2}},"loc":{"start":{"line":42,"column":71},"end":{"line":55,"column":2}},"line":42}},"branchMap":{"0":{"loc":{"start":{"line":35,"column":2},"end":{"line":37,"column":3}},"type":"if","locations":[{"start":{"line":35,"column":2},"end":{"line":37,"column":3}},{"start":{},"end":{}}],"line":35},"1":{"loc":{"start":{"line":50,"column":2},"end":{"line":52,"column":3}},"type":"if","locations":[{"start":{"line":50,"column":2},"end":{"line":52,"column":3}},{"start":{},"end":{}}],"line":50}},"s":{"0":1,"1":1,"2":1,"3":0,"4":0,"5":0,"6":0,"7":0,"8":0,"9":0,"10":0},"f":{"0":1,"1":0,"2":0},"b":{"0":[0,0],"1":[0,0]},"_coverageSchema":"1a1c01bbd47fc00a2c39e90264f33305004495a9","hash":"e1ca90f4d37034862c03626ddb978adf932e5fae"}
,"C:\\Users\\Chandra Muhammad R P\\Desktop\\KP Chandra\\Website\\BE-ProjectPosyanduKP\\src\\services\\user-service.ts": {"path":"C:\\Users\\Chandra Muhammad R P\\Desktop\\KP Chandra\\Website\\BE-ProjectPosyanduKP\\src\\services\\user-service.ts","statementMap":{"0":{"start":{"line":18,"column":26},"end":{"line":21,"column":3}},"1":{"start":{"line":23,"column":25},"end":{"line":27,"column":4}},"2":{"start":{"line":29,"column":2},"end":{"line":31,"column":3}},"3":{"start":{"line":30,"column":3},"end":{"line":30,"column":59}},"4":{"start":{"line":33,"column":2},"end":{"line":36,"column":4}},"5":{"start":{"line":38,"column":15},"end":{"line":40,"column":4}},"6":{"start":{"line":42,"column":2},"end":{"line":42,"column":30}},"7":{"start":{"line":46,"column":23},"end":{"line":46,"column":73}},"8":{"start":{"line":48,"column":13},"end":{"line":52,"column":4}},"9":{"start":{"line":54,"column":2},"end":{"line":56,"column":3}},"10":{"start":{"line":55,"column":3},"end":{"line":55,"column":65}},"11":{"start":{"line":58,"column":26},"end":{"line":61,"column":3}},"12":{"start":{"line":63,"column":2},"end":{"line":65,"column":3}},"13":{"start":{"line":64,"column":3},"end":{"line":64,"column":65}},"14":{"start":{"line":67,"column":2},"end":{"line":74,"column":5}},"15":{"start":{"line":76,"column":19},"end":{"line":76,"column":39}},"16":{"start":{"line":77,"column":2},"end":{"line":77,"column":31}},"17":{"start":{"line":78,"column":2},"end":{"line":78,"column":18}},"18":{"start":{"line":82,"column":2},"end":{"line":82,"column":30}},"19":{"start":{"line":89,"column":24},"end":{"line":92,"column":3}},"20":{"start":{"line":94,"column":2},"end":{"line":96,"column":3}},"21":{"start":{"line":95,"column":3},"end":{"line":95,"column":34}},"22":{"start":{"line":98,"column":2},"end":{"line":100,"column":3}},"23":{"start":{"line":99,"column":3},"end":{"line":99,"column":36}},"24":{"start":{"line":102,"column":2},"end":{"line":104,"column":3}},"25":{"start":{"line":103,"column":3},"end":{"line":103,"column":65}},"26":{"start":{"line":106,"column":2},"end":{"line":108,"column":3}},"27":{"start":{"line":107,"column":3},"end":{"line":107,"column":34}},"28":{"start":{"line":110,"column":2},"end":{"line":112,"column":3}},"29":{"start":{"line":111,"column":3},"end":{"line":111,"column":38}},"30":{"start":{"line":114,"column":17},"end":{"line":119,"column":4}},"31":{"start":{"line":121,"column":2},"end":{"line":121,"column":32}},"32":{"start":{"line":125,"column":17},"end":{"line":132,"column":4}},"33":{"start":{"line":134,"column":2},"end":{"line":134,"column":32}}},"fnMap":{"0":{"name":"(anonymous_0)","decl":{"start":{"line":17,"column":1},"end":{"line":17,"column":2}},"loc":{"start":{"line":17,"column":74},"end":{"line":43,"column":2}},"line":17},"1":{"name":"(anonymous_1)","decl":{"start":{"line":45,"column":1},"end":{"line":45,"column":2}},"loc":{"start":{"line":45,"column":70},"end":{"line":79,"column":2}},"line":45},"2":{"name":"(anonymous_2)","decl":{"start":{"line":81,"column":1},"end":{"line":81,"column":2}},"loc":{"start":{"line":81,"column":53},"end":{"line":83,"column":2}},"line":81},"3":{"name":"(anonymous_3)","decl":{"start":{"line":85,"column":1},"end":{"line":85,"column":2}},"loc":{"start":{"line":88,"column":26},"end":{"line":122,"column":2}},"line":88},"4":{"name":"(anonymous_4)","decl":{"start":{"line":124,"column":1},"end":{"line":124,"column":2}},"loc":{"start":{"line":124,"column":56},"end":{"line":135,"column":2}},"line":124}},"branchMap":{"0":{"loc":{"start":{"line":29,"column":2},"end":{"line":31,"column":3}},"type":"if","locations":[{"start":{"line":29,"column":2},"end":{"line":31,"column":3}},{"start":{},"end":{}}],"line":29},"1":{"loc":{"start":{"line":54,"column":2},"end":{"line":56,"column":3}},"type":"if","locations":[{"start":{"line":54,"column":2},"end":{"line":56,"column":3}},{"start":{},"end":{}}],"line":54},"2":{"loc":{"start":{"line":63,"column":2},"end":{"line":65,"column":3}},"type":"if","locations":[{"start":{"line":63,"column":2},"end":{"line":65,"column":3}},{"start":{},"end":{}}],"line":63},"3":{"loc":{"start":{"line":94,"column":2},"end":{"line":96,"column":3}},"type":"if","locations":[{"start":{"line":94,"column":2},"end":{"line":96,"column":3}},{"start":{},"end":{}}],"line":94},"4":{"loc":{"start":{"line":98,"column":2},"end":{"line":100,"column":3}},"type":"if","locations":[{"start":{"line":98,"column":2},"end":{"line":100,"column":3}},{"start":{},"end":{}}],"line":98},"5":{"loc":{"start":{"line":102,"column":2},"end":{"line":104,"column":3}},"type":"if","locations":[{"start":{"line":102,"column":2},"end":{"line":104,"column":3}},{"start":{},"end":{}}],"line":102},"6":{"loc":{"start":{"line":106,"column":2},"end":{"line":108,"column":3}},"type":"if","locations":[{"start":{"line":106,"column":2},"end":{"line":108,"column":3}},{"start":{},"end":{}}],"line":106},"7":{"loc":{"start":{"line":110,"column":2},"end":{"line":112,"column":3}},"type":"if","locations":[{"start":{"line":110,"column":2},"end":{"line":112,"column":3}},{"start":{},"end":{}}],"line":110}},"s":{"0":0,"1":0,"2":0,"3":0,"4":0,"5":0,"6":0,"7":0,"8":0,"9":0,"10":0,"11":0,"12":0,"13":0,"14":0,"15":0,"16":0,"17":0,"18":0,"19":0,"20":0,"21":0,"22":0,"23":0,"24":0,"25":0,"26":0,"27":0,"28":0,"29":0,"30":0,"31":0,"32":0,"33":0},"f":{"0":0,"1":0,"2":0,"3":0,"4":0},"b":{"0":[0,0],"1":[0,0],"2":[0,0],"3":[0,0],"4":[0,0],"5":[0,0],"6":[0,0],"7":[0,0]},"_coverageSchema":"1a1c01bbd47fc00a2c39e90264f33305004495a9","hash":"70dda3d6bfb95d4ce314d8330d0c1a8834179b81"}
,"C:\\Users\\Chandra Muhammad R P\\Desktop\\KP Chandra\\Website\\BE-ProjectPosyanduKP\\src\\validation\\balita-validation.ts": {"path":"C:\\Users\\Chandra Muhammad R P\\Desktop\\KP Chandra\\Website\\BE-ProjectPosyanduKP\\src\\validation\\balita-validation.ts","statementMap":{"0":{"start":{"line":4,"column":37},"end":{"line":10,"column":3}}},"fnMap":{},"branchMap":{},"s":{"0":1},"f":{},"b":{},"_coverageSchema":"1a1c01bbd47fc00a2c39e90264f33305004495a9","hash":"4a84493ff4c397834ecf459a2c01071564fa13dc"}
,"C:\\Users\\Chandra Muhammad R P\\Desktop\\KP Chandra\\Website\\BE-ProjectPosyanduKP\\src\\validation\\user-validation.ts": {"path":"C:\\Users\\Chandra Muhammad R P\\Desktop\\KP Chandra\\Website\\BE-ProjectPosyanduKP\\src\\validation\\user-validation.ts","statementMap":{"0":{"start":{"line":4,"column":37},"end":{"line":9,"column":3}},"1":{"start":{"line":11,"column":34},"end":{"line":14,"column":3}},"2":{"start":{"line":16,"column":35},"end":{"line":22,"column":3}}},"fnMap":{},"branchMap":{},"s":{"0":1,"1":1,"2":1},"f":{},"b":{},"_coverageSchema":"1a1c01bbd47fc00a2c39e90264f33305004495a9","hash":"14864d3d0f5d40d69e13c595704e4f7ccbd0f126"}
,"C:\\Users\\Chandra Muhammad R P\\Desktop\\KP Chandra\\Website\\BE-ProjectPosyanduKP\\src\\validation\\validation.ts": {"path":"C:\\Users\\Chandra Muhammad R P\\Desktop\\KP Chandra\\Website\\BE-ProjectPosyanduKP\\src\\validation\\validation.ts","statementMap":{"0":{"start":{"line":5,"column":2},"end":{"line":5,"column":28}}},"fnMap":{"0":{"name":"(anonymous_0)","decl":{"start":{"line":4,"column":1},"end":{"line":4,"column":2}},"loc":{"start":{"line":4,"column":49},"end":{"line":6,"column":2}},"line":4}},"branchMap":{},"s":{"0":1},"f":{"0":1},"b":{},"_coverageSchema":"1a1c01bbd47fc00a2c39e90264f33305004495a9","hash":"d34cb2ca570f9822ddfc1b9d34fa1971b47db50b"}
,"C:\\Users\\Chandra Muhammad R P\\Desktop\\KP Chandra\\Website\\BE-ProjectPosyanduKP\\test\\test-util.ts": {"path":"C:\\Users\\Chandra Muhammad R P\\Desktop\\KP Chandra\\Website\\BE-ProjectPosyanduKP\\test\\test-util.ts","statementMap":{"0":{"start":{"line":7,"column":2},"end":{"line":11,"column":5}},"1":{"start":{"line":15,"column":2},"end":{"line":23,"column":5}},"2":{"start":{"line":27,"column":15},"end":{"line":31,"column":4}},"3":{"start":{"line":33,"column":2},"end":{"line":35,"column":3}},"4":{"start":{"line":34,"column":3},"end":{"line":34,"column":40}},"5":{"start":{"line":37,"column":2},"end":{"line":37,"column":14}}},"fnMap":{"0":{"name":"(anonymous_0)","decl":{"start":{"line":6,"column":1},"end":{"line":6,"column":2}},"loc":{"start":{"line":6,"column":23},"end":{"line":12,"column":2}},"line":6},"1":{"name":"(anonymous_1)","decl":{"start":{"line":14,"column":1},"end":{"line":14,"column":2}},"loc":{"start":{"line":14,"column":23},"end":{"line":24,"column":2}},"line":14},"2":{"name":"(anonymous_2)","decl":{"start":{"line":26,"column":1},"end":{"line":26,"column":2}},"loc":{"start":{"line":26,"column":35},"end":{"line":38,"column":2}},"line":26}},"branchMap":{"0":{"loc":{"start":{"line":33,"column":2},"end":{"line":35,"column":3}},"type":"if","locations":[{"start":{"line":33,"column":2},"end":{"line":35,"column":3}},{"start":{},"end":{}}],"line":33}},"s":{"0":2,"1":2,"2":0,"3":0,"4":0,"5":0},"f":{"0":2,"1":2,"2":0},"b":{"0":[0,0]},"_coverageSchema":"1a1c01bbd47fc00a2c39e90264f33305004495a9","hash":"fe8eaedf434af5071615941723728b10a6ef870c"}
}
