TN:
SF:src\app\database.ts
FN:25,(anonymous_0)
FN:29,(anonymous_1)
FN:33,(anonymous_2)
FN:37,(anonymous_3)
FNF:4
FNH:2
FNDA:0,(anonymous_0)
FNDA:0,(anonymous_1)
FNDA:1,(anonymous_2)
FNDA:11,(anonymous_3)
DA:4,1
DA:25,1
DA:26,0
DA:29,1
DA:30,0
DA:33,1
DA:34,1
DA:37,1
DA:38,11
LF:9
LH:7
BRF:0
BRH:0
end_of_record
TN:
SF:src\app\logging.ts
FNF:0
FNH:0
DA:3,1
LF:1
LH:1
BRF:0
BRH:0
end_of_record
TN:
SF:src\application\app.ts
FNF:0
FNH:0
DA:6,1
DA:8,1
DA:9,1
DA:10,1
DA:11,1
LF:5
LH:5
BRF:0
BRH:0
end_of_record
TN:
SF:src\controller\balita-controller.ts
FN:9,(anonymous_0)
FN:24,(anonymous_1)
FNF:2
FNH:1
FNDA:1,(anonymous_0)
FNDA:0,(anonymous_1)
DA:10,1
DA:12,1
DA:13,1
DA:15,1
DA:16,1
DA:20,0
DA:25,0
DA:26,0
DA:27,0
DA:29,0
DA:30,0
DA:34,0
LF:12
LH:5
BRF:0
BRH:0
end_of_record
TN:
SF:src\controller\user-controller.ts
FN:11,(anonymous_0)
FN:23,(anonymous_1)
FN:35,(anonymous_2)
FN:46,(anonymous_3)
FN:58,(anonymous_4)
FNF:5
FNH:0
FNDA:0,(anonymous_0)
FNDA:0,(anonymous_1)
FNDA:0,(anonymous_2)
FNDA:0,(anonymous_3)
FNDA:0,(anonymous_4)
DA:12,0
DA:13,0
DA:14,0
DA:15,0
DA:19,0
DA:24,0
DA:25,0
DA:26,0
DA:27,0
DA:31,0
DA:36,0
DA:37,0
DA:38,0
DA:42,0
DA:47,0
DA:48,0
DA:49,0
DA:50,0
DA:54,0
DA:59,0
DA:60,0
DA:61,0
DA:65,0
LF:23
LH:0
BRF:0
BRH:0
end_of_record
TN:
SF:src\error\response-error.ts
FN:2,(anonymous_0)
FNF:1
FNH:0
FNDA:0,(anonymous_0)
DA:6,0
LF:1
LH:0
BRF:0
BRH:0
end_of_record
TN:
SF:src\middleware\auth-middleware.ts
FN:5,(anonymous_0)
FNF:1
FNH:1
FNDA:2,(anonymous_0)
DA:5,1
DA:10,2
DA:12,2
DA:13,2
DA:19,2
DA:20,1
DA:21,1
DA:22,1
DA:26,1
LF:9
LH:9
BRDA:12,0,0,2
BRDA:12,0,1,0
BRDA:19,1,0,1
BRDA:19,1,1,1
BRF:4
BRH:3
end_of_record
TN:
SF:src\middleware\error-middleware.ts
FN:5,(anonymous_0)
FNF:1
FNH:0
FNDA:0,(anonymous_0)
DA:5,1
DA:11,0
DA:12,0
DA:15,0
DA:16,0
DA:20,0
LF:6
LH:1
BRDA:11,0,0,0
BRDA:11,0,1,0
BRDA:15,1,0,0
BRDA:15,1,1,0
BRF:4
BRH:0
end_of_record
TN:
SF:src\models\balita-model.ts
FN:21,toBalitaResponse
FNF:1
FNH:1
FNDA:1,toBalitaResponse
DA:22,1
LF:1
LH:1
BRF:0
BRH:0
end_of_record
TN:
SF:src\models\user-model.ts
FN:32,toUserResponse
FNF:1
FNH:0
FNDA:0,toUserResponse
DA:33,0
LF:1
LH:0
BRF:0
BRH:0
end_of_record
TN:
SF:src\route\api.ts
FNF:0
FNH:0
DA:5,1
DA:7,1
DA:10,1
DA:11,1
DA:12,1
DA:15,1
DA:16,1
LF:7
LH:7
BRF:0
BRH:0
end_of_record
TN:
SF:src\route\public-api.ts
FNF:0
FNH:0
DA:4,1
DA:5,1
DA:6,1
LF:3
LH:3
BRF:0
BRH:0
end_of_record
TN:
SF:src\services\balita-service.ts
FN:13,(anonymous_0)
FN:28,(anonymous_1)
FN:42,(anonymous_2)
FNF:3
FNH:1
FNDA:1,(anonymous_0)
FNDA:0,(anonymous_1)
FNDA:0,(anonymous_2)
DA:16,1
DA:21,1
DA:25,1
DA:29,0
DA:35,0
DA:36,0
DA:39,0
DA:43,0
DA:50,0
DA:51,0
DA:54,0
LF:11
LH:3
BRDA:35,0,0,0
BRDA:35,0,1,0
BRDA:50,1,0,0
BRDA:50,1,1,0
BRF:4
BRH:0
end_of_record
TN:
SF:src\services\user-service.ts
FN:17,(anonymous_0)
FN:45,(anonymous_1)
FN:81,(anonymous_2)
FN:85,(anonymous_3)
FN:124,(anonymous_4)
FNF:5
FNH:0
FNDA:0,(anonymous_0)
FNDA:0,(anonymous_1)
FNDA:0,(anonymous_2)
FNDA:0,(anonymous_3)
FNDA:0,(anonymous_4)
DA:18,0
DA:23,0
DA:29,0
DA:30,0
DA:33,0
DA:38,0
DA:42,0
DA:46,0
DA:48,0
DA:54,0
DA:55,0
DA:58,0
DA:63,0
DA:64,0
DA:67,0
DA:76,0
DA:77,0
DA:78,0
DA:82,0
DA:89,0
DA:94,0
DA:95,0
DA:98,0
DA:99,0
DA:102,0
DA:103,0
DA:106,0
DA:107,0
DA:110,0
DA:111,0
DA:114,0
DA:121,0
DA:125,0
DA:134,0
LF:34
LH:0
BRDA:29,0,0,0
BRDA:29,0,1,0
BRDA:54,1,0,0
BRDA:54,1,1,0
BRDA:63,2,0,0
BRDA:63,2,1,0
BRDA:94,3,0,0
BRDA:94,3,1,0
BRDA:98,4,0,0
BRDA:98,4,1,0
BRDA:102,5,0,0
BRDA:102,5,1,0
BRDA:106,6,0,0
BRDA:106,6,1,0
BRDA:110,7,0,0
BRDA:110,7,1,0
BRF:16
BRH:0
end_of_record
TN:
SF:src\validation\balita-validation.ts
FNF:0
FNH:0
DA:4,1
LF:1
LH:1
BRF:0
BRH:0
end_of_record
TN:
SF:src\validation\user-validation.ts
FNF:0
FNH:0
DA:4,1
DA:11,1
DA:16,1
LF:3
LH:3
BRF:0
BRH:0
end_of_record
TN:
SF:src\validation\validation.ts
FN:4,(anonymous_0)
FNF:1
FNH:1
FNDA:1,(anonymous_0)
DA:5,1
LF:1
LH:1
BRF:0
BRH:0
end_of_record
TN:
SF:test\test-util.ts
FN:6,(anonymous_0)
FN:14,(anonymous_1)
FN:26,(anonymous_2)
FNF:3
FNH:2
FNDA:2,(anonymous_0)
FNDA:2,(anonymous_1)
FNDA:0,(anonymous_2)
DA:7,2
DA:15,2
DA:27,0
DA:33,0
DA:34,0
DA:37,0
LF:6
LH:2
BRDA:33,0,0,0
BRDA:33,0,1,0
BRF:2
BRH:0
end_of_record
